[debug] [2021-12-16T11:06:43.885Z] ----------------------------------------------------------------------
[debug] [2021-12-16T11:06:43.887Z] Command:       /Users/admin/.nvm/versions/node/v14.17.3/bin/node /Users/admin/.nvm/versions/node/v14.17.3/bin/firebase init
[debug] [2021-12-16T11:06:43.887Z] CLI Version:   10.0.0
[debug] [2021-12-16T11:06:43.887Z] Platform:      darwin
[debug] [2021-12-16T11:06:43.887Z] Node Version:  v14.17.3
[debug] [2021-12-16T11:06:43.889Z] Time:          Thu Dec 16 2021 12:06:43 GMT+0100 (centraleuropeisk normaltid)
[debug] [2021-12-16T11:06:43.889Z] ----------------------------------------------------------------------
[debug] 
[debug] [2021-12-16T11:06:43.897Z] > command requires scopes: ["email","openid","https://www.googleapis.com/auth/cloudplatformprojects.readonly","https://www.googleapis.com/auth/firebase","https://www.googleapis.com/auth/cloud-platform"]
[debug] [2021-12-16T11:06:43.897Z] > authorizing via signed-in user (dorianbuck@gmail.com)
[info] 
     ######## #### ########  ######## ########     ###     ######  ########
     ##        ##  ##     ## ##       ##     ##  ##   ##  ##       ##
     ######    ##  ########  ######   ########  #########  ######  ######
     ##        ##  ##    ##  ##       ##     ## ##     ##       ## ##
     ##       #### ##     ## ######## ########  ##     ##  ######  ########

You're about to initialize a Firebase project in this directory:

  /Users/admin/code/next_js_demo/firebase_demo

[info] 
=== Project Setup
[info] 
[info] First, let's associate this project directory with a Firebase project.
[info] You can create multiple project aliases by running firebase use --add, 
[info] but for now we'll just set up a default project.
[info] 
[debug] [2021-12-16T11:07:10.363Z] >>> [apiv2][query] GET https://firebase.googleapis.com/v1beta1/projects pageSize=100
[debug] [2021-12-16T11:07:10.781Z] <<< [apiv2][status] GET https://firebase.googleapis.com/v1beta1/projects 200
[debug] [2021-12-16T11:07:10.781Z] <<< [apiv2][body] GET https://firebase.googleapis.com/v1beta1/projects [omitted]
[info] i  Using project fir-demo-1a8c2 (firebase-demo) 
[info] 
=== Hosting Setup
[info] 
[info] Your public directory is the folder (relative to your project directory) that
[info] will contain Hosting assets to be uploaded with firebase deploy. If you
[info] have a build process for your assets, use your build's output directory.
[info] 
[debug] [2021-12-16T11:08:19.198Z] >>> [apiv2][query] GET https://www.gstatic.com/firebasejs/releases.json [none]
[debug] [2021-12-16T11:08:19.238Z] <<< [apiv2][status] GET https://www.gstatic.com/firebasejs/releases.json 200
[debug] [2021-12-16T11:08:19.238Z] <<< [apiv2][body] GET https://www.gstatic.com/firebasejs/releases.json {"current":{"version":"9.6.1","browserURL":"https://www.gstatic.com/firebasejs/9.6.1/firebase.js","packageURL":"https://www.gstatic.com/firebasejs/9.6.1/firebase.tgz"},"live":{"version":"9.6","browserURL":"https://www.gstatic.com/firebasejs/live/9.6/firebase.js","packageURL":"https://www.gstatic.com/firebasejs/live/9.6/firebase.tgz"},"components":{"analytics":"https://www.gstatic.com/firebasejs/9.6.1/firebase-analytics.js","app":"https://www.gstatic.com/firebasejs/9.6.1/firebase-app.js","app-check":"https://www.gstatic.com/firebasejs/9.6.1/firebase-app-check.js","auth":"https://www.gstatic.com/firebasejs/9.6.1/firebase-auth.js","auth/cordova":"https://www.gstatic.com/firebasejs/9.6.1/firebase-auth/cordova.js","auth/react-native":"https://www.gstatic.com/firebasejs/9.6.1/firebase-auth/react-native.js","functions":"https://www.gstatic.com/firebasejs/9.6.1/firebase-functions.js","firestore":"https://www.gstatic.com/firebasejs/9.6.1/firebase-firestore.js","firestore/lite":"https://www.gstatic.com/firebasejs/9.6.1/firebase-firestore/lite.js","storage":"https://www.gstatic.com/firebasejs/9.6.1/firebase-storage.js","performance":"https://www.gstatic.com/firebasejs/9.6.1/firebase-performance.js","remote-config":"https://www.gstatic.com/firebasejs/9.6.1/firebase-remote-config.js","messaging":"https://www.gstatic.com/firebasejs/9.6.1/firebase-messaging.js","messaging/sw":"https://www.gstatic.com/firebasejs/9.6.1/firebase-messaging/sw.js","database":"https://www.gstatic.com/firebasejs/9.6.1/firebase-database.js","firestore.memory":"https://www.gstatic.com/firebasejs/9.6.1/firebase-firestore.memory.js"}}
[info] i  Skipping write of public/index.html 
[info] 
[info] i  Detected a .git folder at /Users/admin/code/next_js_demo/firebase_demo 
[info] i  Authorizing with GitHub to upload your service account to a GitHub repository's secrets store. 
[info] 
[info] Visit this URL on this device to log in:
[info] https://github.com/login/oauth/authorize?client_id=89cf50f02ac6aaed3484&state=1008712211&redirect_uri=http%3A%2F%2Flocalhost%3A9005&scope=read%3Auser%20repo%20public_repo
[info] 
[info] Waiting for authentication...
[debug] [2021-12-16T11:09:00.800Z] >>> HTTP REQUEST POST https://github.com/login/oauth/access_token  
 {"client_id":"89cf50f02ac6aaed3484","client_secret":"3330d14abc895d9a74d5f17cd7a00711fa2c5bf0","code":"718d78065585735b3b86","redirect_uri":"http://localhost:9005","state":"1008712211"}
[debug] [2021-12-16T11:09:01.109Z] <<< HTTP RESPONSE 200 {"server":"GitHub.com","date":"Thu, 16 Dec 2021 11:09:01 GMT","content-type":"application/json; charset=utf-8","transfer-encoding":"chunked","vary":"X-PJAX, X-PJAX-Container, Accept-Encoding, Accept, X-Requested-With","permissions-policy":"interest-cohort=()","etag":"W/\"ac5e9c1eb2537379bbf30c58810ebacb\"","cache-control":"max-age=0, private, must-revalidate","strict-transport-security":"max-age=31536000; includeSubdomains; preload","x-frame-options":"deny","x-content-type-options":"nosniff","x-xss-protection":"0","referrer-policy":"origin-when-cross-origin, strict-origin-when-cross-origin","expect-ct":"max-age=2592000, report-uri=\"https://api.github.com/_private/browser/errors\"","content-security-policy":"default-src 'none'; base-uri 'self'; block-all-mixed-content; child-src github.com/assets-cdn/worker/ gist.github.com/assets-cdn/worker/; connect-src 'self' uploads.github.com objects-origin.githubusercontent.com www.githubstatus.com collector.githubapp.com api.github.com github-cloud.s3.amazonaws.com github-production-repository-file-5c1aeb.s3.amazonaws.com github-production-upload-manifest-file-7fdce7.s3.amazonaws.com github-production-user-asset-6210df.s3.amazonaws.com cdn.optimizely.com logx.optimizely.com/v1/events translator.github.com wss://alive.github.com; font-src github.githubassets.com; form-action 'self' github.com gist.github.com objects-origin.githubusercontent.com; frame-ancestors 'none'; frame-src render.githubusercontent.com viewscreen.githubusercontent.com notebooks.githubusercontent.com; img-src 'self' data: github.githubassets.com identicons.github.com collector.githubapp.com github-cloud.s3.amazonaws.com secured-user-images.githubusercontent.com/ *.githubusercontent.com; manifest-src 'self'; media-src github.com user-images.githubusercontent.com/; script-src github.githubassets.com; style-src 'unsafe-inline' github.githubassets.com; worker-src github.com/assets-cdn/worker/ gist.github.com/assets-cdn/worker/","x-github-request-id":"EEC4:0997:10EC:2C89C:61BB1E4D"}
[debug] [2021-12-16T11:09:01.119Z] >>> [apiv2][query] GET https://api.github.com/user [none]
[debug] [2021-12-16T11:09:01.415Z] <<< [apiv2][status] GET https://api.github.com/user 200
[debug] [2021-12-16T11:09:01.415Z] <<< [apiv2][body] GET https://api.github.com/user {"login":"dorianbuck","id":29585462,"node_id":"MDQ6VXNlcjI5NTg1NDYy","avatar_url":"https://avatars.githubusercontent.com/u/29585462?v=4","gravatar_id":"","url":"https://api.github.com/users/dorianbuck","html_url":"https://github.com/dorianbuck","followers_url":"https://api.github.com/users/dorianbuck/followers","following_url":"https://api.github.com/users/dorianbuck/following{/other_user}","gists_url":"https://api.github.com/users/dorianbuck/gists{/gist_id}","starred_url":"https://api.github.com/users/dorianbuck/starred{/owner}{/repo}","subscriptions_url":"https://api.github.com/users/dorianbuck/subscriptions","organizations_url":"https://api.github.com/users/dorianbuck/orgs","repos_url":"https://api.github.com/users/dorianbuck/repos","events_url":"https://api.github.com/users/dorianbuck/events{/privacy}","received_events_url":"https://api.github.com/users/dorianbuck/received_events","type":"User","site_admin":false,"name":"Dorian Buck","company":null,"blog":"","location":"Sweden","email":"dorianbuck@gmail.com","hireable":true,"bio":"Fullstack Developer","twitter_username":"dorianbuck","public_repos":68,"public_gists":0,"followers":5,"following":14,"created_at":"2017-06-20T22:23:19Z","updated_at":"2021-11-22T16:43:05Z","private_gists":0,"total_private_repos":1,"owned_private_repos":0,"disk_usage":38950,"collaborators":0,"two_factor_authentication":false,"plan":{"name":"free","space":976562499,"collaborators":0,"private_repos":10000}}
[info] 
[info] ✔  Success! Logged into GitHub as dorianbuck 
[info] 
